<?xml version="1.0" encoding="UTF-8"?>
<testng-results ignored="0" total="2" passed="2" failed="0" skipped="0">
  <reporter-output>
  </reporter-output>
  <suite started-at="2023-06-26T12:59:25 IST" name="Test API" finished-at="2023-06-26T12:59:26 IST" duration-ms="998">
    <groups>
      <group name="cucumber">
        <method signature="AbstractTestNGCucumberTests.runScenario(io.cucumber.testng.PickleWrapper,io.cucumber.testng.FeatureWrapper)[pri:0, instance:com.demo.runner.TestRunnerAPI@5c30a9b0]" name="runScenario" class="io.cucumber.testng.AbstractTestNGCucumberTests"/>
      </group> <!-- cucumber -->
    </groups>
    <test started-at="2023-06-26T12:59:25 IST" name="Execution for API Scripts" finished-at="2023-06-26T12:59:26 IST" duration-ms="998">
      <class name="com.demo.runner.TestRunnerAPI">
        <test-method is-config="true" signature="setUpClass()[pri:0, instance:com.demo.runner.TestRunnerAPI@5c30a9b0]" started-at="2023-06-26T12:59:25 IST" name="setUpClass" finished-at="2023-06-26T12:59:25 IST" duration-ms="395" status="PASS">
          <reporter-output>
          </reporter-output>
        </test-method> <!-- setUpClass -->
        <test-method signature="runScenario(io.cucumber.testng.PickleWrapper,io.cucumber.testng.FeatureWrapper)[pri:0, instance:com.demo.runner.TestRunnerAPI@5c30a9b0]" started-at="2023-06-26T12:59:25 IST" name="runScenario" description="Runs Cucumber Scenarios" data-provider="scenarios" finished-at="2023-06-26T12:59:26 IST" duration-ms="472" status="PASS">
          <params>
            <param index="0">
              <value>
                <![CDATA["Test CustomerDetails"]]>
              </value>
            </param>
            <param index="1">
              <value>
                <![CDATA["Optional[CustomerDetails]"]]>
              </value>
            </param>
          </params>
          <reporter-output>
          </reporter-output>
        </test-method> <!-- runScenario -->
        <test-method signature="runScenario(io.cucumber.testng.PickleWrapper,io.cucumber.testng.FeatureWrapper)[pri:0, instance:com.demo.runner.TestRunnerAPI@5c30a9b0]" started-at="2023-06-26T12:59:26 IST" name="runScenario" description="Runs Cucumber Scenarios" data-provider="scenarios" finished-at="2023-06-26T12:59:26 IST" duration-ms="43" status="PASS">
          <params>
            <param index="0">
              <value>
                <![CDATA["Test PaymentDetails"]]>
              </value>
            </param>
            <param index="1">
              <value>
                <![CDATA["Optional[PaymentDetails]"]]>
              </value>
            </param>
          </params>
          <reporter-output>
          </reporter-output>
        </test-method> <!-- runScenario -->
        <test-method is-config="true" signature="tearDownClass()[pri:0, instance:com.demo.runner.TestRunnerAPI@5c30a9b0]" started-at="2023-06-26T12:59:26 IST" name="tearDownClass" finished-at="2023-06-26T12:59:26 IST" duration-ms="51" status="PASS">
          <reporter-output>
          </reporter-output>
        </test-method> <!-- tearDownClass -->
      </class> <!-- com.demo.runner.TestRunnerAPI -->
    </test> <!-- Execution for API Scripts -->
  </suite> <!-- Test API -->
</testng-results>
