<?xml version="1.0" encoding="UTF-8"?>
<!-- Generated by org.testng.reporters.JUnitXMLReporter -->
<testsuite ignored="0" hostname="PLRENT-PF40Y0M9" failures="0" tests="2" name="Execution for API Scripts" time="0.998" errors="0" timestamp="2023-06-26T12:59:26 IST">
  <testcase classname="io.cucumber.testng.AbstractTestNGCucumberTests" name="runScenario" time="0.472"/>
  <testcase classname="io.cucumber.testng.AbstractTestNGCucumberTests" name="runScenario" time="0.043"/>
</testsuite> <!-- Execution for API Scripts -->
